<?xml version="1.0" encoding="UTF-8"?>
<testsuite xmlns:xsi="http://www.w3.org/2001/XMLSchema-instance" xsi:noNamespaceSchemaLocation="https://maven.apache.org/surefire/maven-surefire-plugin/xsd/surefire-test-report.xsd" name="com.intuit.karate.junit4.KarateJunitTest" time="43.469" tests="2" errors="0" skipped="0" failures="1">
  <properties>
    <property name="sun.desktop" value="windows"/>
    <property name="awt.toolkit" value="sun.awt.windows.WToolkit"/>
    <property name="java.specification.version" value="11"/>
    <property name="sun.cpu.isalist" value="amd64"/>
    <property name="sun.jnu.encoding" value="Cp1252"/>
    <property name="java.class.path" value="C:\automação\karate-master\karate-junit4\target\test-classes;C:\automação\karate-master\karate-junit4\target\classes;C:\Users\ter01277\.m2\repository\com\intuit\karate\karate-core\1.3.0\karate-core-1.3.0.jar;C:\Users\ter01277\.m2\repository\org\graalvm\js\js-scriptengine\22.0.0.2\js-scriptengine-22.0.0.2.jar;C:\Users\ter01277\.m2\repository\org\graalvm\sdk\graal-sdk\22.0.0.2\graal-sdk-22.0.0.2.jar;C:\Users\ter01277\.m2\repository\org\graalvm\js\js\22.0.0.2\js-22.0.0.2.jar;C:\Users\ter01277\.m2\repository\org\graalvm\regex\regex\22.0.0.2\regex-22.0.0.2.jar;C:\Users\ter01277\.m2\repository\org\graalvm\truffle\truffle-api\22.0.0.2\truffle-api-22.0.0.2.jar;C:\Users\ter01277\.m2\repository\org\thymeleaf\thymeleaf\3.0.14.RELEASE\thymeleaf-3.0.14.RELEASE.jar;C:\Users\ter01277\.m2\repository\ognl\ognl\3.1.26\ognl-3.1.26.jar;C:\Users\ter01277\.m2\repository\org\javassist\javassist\3.20.0-GA\javassist-3.20.0-GA.jar;C:\Users\ter01277\.m2\repository\org\attoparser\attoparser\2.0.5.RELEASE\attoparser-2.0.5.RELEASE.jar;C:\Users\ter01277\.m2\repository\org\unbescape\unbescape\1.1.6.RELEASE\unbescape-1.1.6.RELEASE.jar;C:\Users\ter01277\.m2\repository\org\slf4j\slf4j-api\1.7.25\slf4j-api-1.7.25.jar;C:\Users\ter01277\.m2\repository\com\linecorp\armeria\armeria\1.18.0\armeria-1.18.0.jar;C:\Users\ter01277\.m2\repository\com\fasterxml\jackson\core\jackson-core\2.13.3\jackson-core-2.13.3.jar;C:\Users\ter01277\.m2\repository\com\fasterxml\jackson\core\jackson-annotations\2.13.3\jackson-annotations-2.13.3.jar;C:\Users\ter01277\.m2\repository\com\fasterxml\jackson\core\jackson-databind\2.13.3\jackson-databind-2.13.3.jar;C:\Users\ter01277\.m2\repository\io\micrometer\micrometer-core\1.9.2\micrometer-core-1.9.2.jar;C:\Users\ter01277\.m2\repository\org\hdrhistogram\HdrHistogram\2.1.12\HdrHistogram-2.1.12.jar;C:\Users\ter01277\.m2\repository\org\latencyutils\LatencyUtils\2.0.3\LatencyUtils-2.0.3.jar;C:\Users\ter01277\.m2\repository\io\netty\netty-transport\4.1.79.Final\netty-transport-4.1.79.Final.jar;C:\Users\ter01277\.m2\repository\io\netty\netty-common\4.1.79.Final\netty-common-4.1.79.Final.jar;C:\Users\ter01277\.m2\repository\io\netty\netty-buffer\4.1.79.Final\netty-buffer-4.1.79.Final.jar;C:\Users\ter01277\.m2\repository\io\netty\netty-resolver\4.1.79.Final\netty-resolver-4.1.79.Final.jar;C:\Users\ter01277\.m2\repository\io\netty\netty-codec-haproxy\4.1.79.Final\netty-codec-haproxy-4.1.79.Final.jar;C:\Users\ter01277\.m2\repository\io\netty\netty-codec\4.1.79.Final\netty-codec-4.1.79.Final.jar;C:\Users\ter01277\.m2\repository\io\netty\netty-codec-http2\4.1.79.Final\netty-codec-http2-4.1.79.Final.jar;C:\Users\ter01277\.m2\repository\io\netty\netty-handler\4.1.79.Final\netty-handler-4.1.79.Final.jar;C:\Users\ter01277\.m2\repository\io\netty\netty-codec-http\4.1.79.Final\netty-codec-http-4.1.79.Final.jar;C:\Users\ter01277\.m2\repository\io\netty\netty-resolver-dns\4.1.79.Final\netty-resolver-dns-4.1.79.Final.jar;C:\Users\ter01277\.m2\repository\io\netty\netty-codec-dns\4.1.79.Final\netty-codec-dns-4.1.79.Final.jar;C:\Users\ter01277\.m2\repository\org\reactivestreams\reactive-streams\1.0.4\reactive-streams-1.0.4.jar;C:\Users\ter01277\.m2\repository\com\google\code\findbugs\jsr305\3.0.2\jsr305-3.0.2.jar;C:\Users\ter01277\.m2\repository\io\netty\netty-transport-native-unix-common\4.1.79.Final\netty-transport-native-unix-common-4.1.79.Final-linux-x86_64.jar;C:\Users\ter01277\.m2\repository\io\netty\netty-transport-native-epoll\4.1.79.Final\netty-transport-native-epoll-4.1.79.Final-linux-x86_64.jar;C:\Users\ter01277\.m2\repository\io\netty\netty-transport-native-unix-common\4.1.79.Final\netty-transport-native-unix-common-4.1.79.Final.jar;C:\Users\ter01277\.m2\repository\io\netty\netty-transport-classes-epoll\4.1.79.Final\netty-transport-classes-epoll-4.1.79.Final.jar;C:\Users\ter01277\.m2\repository\io\netty\netty-resolver-dns-native-macos\4.1.79.Final\netty-resolver-dns-native-macos-4.1.79.Final-osx-x86_64.jar;C:\Users\ter01277\.m2\repository\io\netty\netty-resolver-dns-classes-macos\4.1.79.Final\netty-resolver-dns-classes-macos-4.1.79.Final.jar;C:\Users\ter01277\.m2\repository\io\netty\netty-resolver-dns-native-macos\4.1.79.Final\netty-resolver-dns-native-macos-4.1.79.Final-osx-aarch_64.jar;C:\Users\ter01277\.m2\repository\io\netty\netty-tcnative-boringssl-static\2.0.53.Final\netty-tcnative-boringssl-static-2.0.53.Final-linux-x86_64.jar;C:\Users\ter01277\.m2\repository\io\netty\netty-tcnative-classes\2.0.53.Final\netty-tcnative-classes-2.0.53.Final.jar;C:\Users\ter01277\.m2\repository\io\netty\netty-tcnative-boringssl-static\2.0.53.Final\netty-tcnative-boringssl-static-2.0.53.Final-linux-aarch_64.jar;C:\Users\ter01277\.m2\repository\io\netty\netty-tcnative-boringssl-static\2.0.53.Final\netty-tcnative-boringssl-static-2.0.53.Final-osx-x86_64.jar;C:\Users\ter01277\.m2\repository\io\netty\netty-tcnative-boringssl-static\2.0.53.Final\netty-tcnative-boringssl-static-2.0.53.Final-osx-aarch_64.jar;C:\Users\ter01277\.m2\repository\io\netty\netty-tcnative-boringssl-static\2.0.53.Final\netty-tcnative-boringssl-static-2.0.53.Final-windows-x86_64.jar;C:\Users\ter01277\.m2\repository\io\netty\netty-handler-proxy\4.1.79.Final\netty-handler-proxy-4.1.79.Final.jar;C:\Users\ter01277\.m2\repository\io\netty\netty-codec-socks\4.1.79.Final\netty-codec-socks-4.1.79.Final.jar;C:\Users\ter01277\.m2\repository\com\aayushatharva\brotli4j\brotli4j\1.7.1\brotli4j-1.7.1.jar;C:\Users\ter01277\.m2\repository\com\aayushatharva\brotli4j\native-windows-x86_64\1.7.1\native-windows-x86_64-1.7.1.jar;C:\Users\ter01277\.m2\repository\org\apache\httpcomponents\httpclient\4.5.13\httpclient-4.5.13.jar;C:\Users\ter01277\.m2\repository\org\apache\httpcomponents\httpcore\4.4.13\httpcore-4.4.13.jar;C:\Users\ter01277\.m2\repository\commons-codec\commons-codec\1.11\commons-codec-1.11.jar;C:\Users\ter01277\.m2\repository\ch\qos\logback\logback-classic\1.2.9\logback-classic-1.2.9.jar;C:\Users\ter01277\.m2\repository\ch\qos\logback\logback-core\1.2.9\logback-core-1.2.9.jar;C:\Users\ter01277\.m2\repository\org\slf4j\jcl-over-slf4j\1.7.32\jcl-over-slf4j-1.7.32.jar;C:\Users\ter01277\.m2\repository\org\antlr\antlr4-runtime\4.9.3\antlr4-runtime-4.9.3.jar;C:\Users\ter01277\.m2\repository\com\jayway\jsonpath\json-path\2.7.0\json-path-2.7.0.jar;C:\Users\ter01277\.m2\repository\net\minidev\json-smart\2.4.7\json-smart-2.4.7.jar;C:\Users\ter01277\.m2\repository\net\minidev\accessors-smart\2.4.7\accessors-smart-2.4.7.jar;C:\Users\ter01277\.m2\repository\org\ow2\asm\asm\9.1\asm-9.1.jar;C:\Users\ter01277\.m2\repository\info\cukes\cucumber-java\1.2.5\cucumber-java-1.2.5.jar;C:\Users\ter01277\.m2\repository\info\cukes\cucumber-core\1.2.5\cucumber-core-1.2.5.jar;C:\Users\ter01277\.m2\repository\org\yaml\snakeyaml\1.32\snakeyaml-1.32.jar;C:\Users\ter01277\.m2\repository\de\siegmar\fastcsv\2.0.0\fastcsv-2.0.0.jar;C:\Users\ter01277\.m2\repository\info\picocli\picocli\4.6.1\picocli-4.6.1.jar;C:\Users\ter01277\.m2\repository\io\github\classgraph\classgraph\4.8.149\classgraph-4.8.149.jar;C:\Users\ter01277\.m2\repository\io\github\t12y\resemble\1.0.2\resemble-1.0.2.jar;C:\Users\ter01277\.m2\repository\io\github\t12y\ssim\1.0.0\ssim-1.0.0.jar;C:\Users\ter01277\.m2\repository\junit\junit\4.13.1\junit-4.13.1.jar;C:\Users\ter01277\.m2\repository\org\hamcrest\hamcrest-core\1.3\hamcrest-core-1.3.jar;C:\Users\ter01277\.m2\repository\org\springframework\boot\spring-boot-loader\2.6.6\spring-boot-loader-2.6.6.jar;C:\Users\ter01277\.m2\repository\org\springframework\spring-core\5.3.19\spring-core-5.3.19.jar;C:\Users\ter01277\.m2\repository\org\springframework\spring-jcl\5.3.19\spring-jcl-5.3.19.jar;"/>
    <property name="java.vm.vendor" value="Oracle Corporation"/>
    <property name="sun.arch.data.model" value="64"/>
    <property name="user.variant" value=""/>
    <property name="java.vendor.url" value="https://openjdk.java.net/"/>
    <property name="user.timezone" value="America/Sao_Paulo"/>
    <property name="java.vm.specification.version" value="11"/>
    <property name="os.name" value="Windows 10"/>
    <property name="sun.java.launcher" value="SUN_STANDARD"/>
    <property name="user.country" value="BR"/>
    <property name="sun.boot.library.path" value="C:\Program Files\Java\jdk-11.0.16.1\bin"/>
    <property name="sun.java.command" value="C:\Users\ter01277\AppData\Local\Temp\surefire7451164951207906248\surefirebooter17204661821470114050.jar C:\Users\ter01277\AppData\Local\Temp\surefire7451164951207906248 2022-11-15T19-46-59_149-jvmRun1 surefire13438807272580895589tmp surefire_016591749602821849379tmp"/>
    <property name="jdk.debug" value="release"/>
    <property name="surefire.test.class.path" value="C:\automação\karate-master\karate-junit4\target\test-classes;C:\automação\karate-master\karate-junit4\target\classes;C:\Users\ter01277\.m2\repository\com\intuit\karate\karate-core\1.3.0\karate-core-1.3.0.jar;C:\Users\ter01277\.m2\repository\org\graalvm\js\js-scriptengine\22.0.0.2\js-scriptengine-22.0.0.2.jar;C:\Users\ter01277\.m2\repository\org\graalvm\sdk\graal-sdk\22.0.0.2\graal-sdk-22.0.0.2.jar;C:\Users\ter01277\.m2\repository\org\graalvm\js\js\22.0.0.2\js-22.0.0.2.jar;C:\Users\ter01277\.m2\repository\org\graalvm\regex\regex\22.0.0.2\regex-22.0.0.2.jar;C:\Users\ter01277\.m2\repository\org\graalvm\truffle\truffle-api\22.0.0.2\truffle-api-22.0.0.2.jar;C:\Users\ter01277\.m2\repository\org\thymeleaf\thymeleaf\3.0.14.RELEASE\thymeleaf-3.0.14.RELEASE.jar;C:\Users\ter01277\.m2\repository\ognl\ognl\3.1.26\ognl-3.1.26.jar;C:\Users\ter01277\.m2\repository\org\javassist\javassist\3.20.0-GA\javassist-3.20.0-GA.jar;C:\Users\ter01277\.m2\repository\org\attoparser\attoparser\2.0.5.RELEASE\attoparser-2.0.5.RELEASE.jar;C:\Users\ter01277\.m2\repository\org\unbescape\unbescape\1.1.6.RELEASE\unbescape-1.1.6.RELEASE.jar;C:\Users\ter01277\.m2\repository\org\slf4j\slf4j-api\1.7.25\slf4j-api-1.7.25.jar;C:\Users\ter01277\.m2\repository\com\linecorp\armeria\armeria\1.18.0\armeria-1.18.0.jar;C:\Users\ter01277\.m2\repository\com\fasterxml\jackson\core\jackson-core\2.13.3\jackson-core-2.13.3.jar;C:\Users\ter01277\.m2\repository\com\fasterxml\jackson\core\jackson-annotations\2.13.3\jackson-annotations-2.13.3.jar;C:\Users\ter01277\.m2\repository\com\fasterxml\jackson\core\jackson-databind\2.13.3\jackson-databind-2.13.3.jar;C:\Users\ter01277\.m2\repository\io\micrometer\micrometer-core\1.9.2\micrometer-core-1.9.2.jar;C:\Users\ter01277\.m2\repository\org\hdrhistogram\HdrHistogram\2.1.12\HdrHistogram-2.1.12.jar;C:\Users\ter01277\.m2\repository\org\latencyutils\LatencyUtils\2.0.3\LatencyUtils-2.0.3.jar;C:\Users\ter01277\.m2\repository\io\netty\netty-transport\4.1.79.Final\netty-transport-4.1.79.Final.jar;C:\Users\ter01277\.m2\repository\io\netty\netty-common\4.1.79.Final\netty-common-4.1.79.Final.jar;C:\Users\ter01277\.m2\repository\io\netty\netty-buffer\4.1.79.Final\netty-buffer-4.1.79.Final.jar;C:\Users\ter01277\.m2\repository\io\netty\netty-resolver\4.1.79.Final\netty-resolver-4.1.79.Final.jar;C:\Users\ter01277\.m2\repository\io\netty\netty-codec-haproxy\4.1.79.Final\netty-codec-haproxy-4.1.79.Final.jar;C:\Users\ter01277\.m2\repository\io\netty\netty-codec\4.1.79.Final\netty-codec-4.1.79.Final.jar;C:\Users\ter01277\.m2\repository\io\netty\netty-codec-http2\4.1.79.Final\netty-codec-http2-4.1.79.Final.jar;C:\Users\ter01277\.m2\repository\io\netty\netty-handler\4.1.79.Final\netty-handler-4.1.79.Final.jar;C:\Users\ter01277\.m2\repository\io\netty\netty-codec-http\4.1.79.Final\netty-codec-http-4.1.79.Final.jar;C:\Users\ter01277\.m2\repository\io\netty\netty-resolver-dns\4.1.79.Final\netty-resolver-dns-4.1.79.Final.jar;C:\Users\ter01277\.m2\repository\io\netty\netty-codec-dns\4.1.79.Final\netty-codec-dns-4.1.79.Final.jar;C:\Users\ter01277\.m2\repository\org\reactivestreams\reactive-streams\1.0.4\reactive-streams-1.0.4.jar;C:\Users\ter01277\.m2\repository\com\google\code\findbugs\jsr305\3.0.2\jsr305-3.0.2.jar;C:\Users\ter01277\.m2\repository\io\netty\netty-transport-native-unix-common\4.1.79.Final\netty-transport-native-unix-common-4.1.79.Final-linux-x86_64.jar;C:\Users\ter01277\.m2\repository\io\netty\netty-transport-native-epoll\4.1.79.Final\netty-transport-native-epoll-4.1.79.Final-linux-x86_64.jar;C:\Users\ter01277\.m2\repository\io\netty\netty-transport-native-unix-common\4.1.79.Final\netty-transport-native-unix-common-4.1.79.Final.jar;C:\Users\ter01277\.m2\repository\io\netty\netty-transport-classes-epoll\4.1.79.Final\netty-transport-classes-epoll-4.1.79.Final.jar;C:\Users\ter01277\.m2\repository\io\netty\netty-resolver-dns-native-macos\4.1.79.Final\netty-resolver-dns-native-macos-4.1.79.Final-osx-x86_64.jar;C:\Users\ter01277\.m2\repository\io\netty\netty-resolver-dns-classes-macos\4.1.79.Final\netty-resolver-dns-classes-macos-4.1.79.Final.jar;C:\Users\ter01277\.m2\repository\io\netty\netty-resolver-dns-native-macos\4.1.79.Final\netty-resolver-dns-native-macos-4.1.79.Final-osx-aarch_64.jar;C:\Users\ter01277\.m2\repository\io\netty\netty-tcnative-boringssl-static\2.0.53.Final\netty-tcnative-boringssl-static-2.0.53.Final-linux-x86_64.jar;C:\Users\ter01277\.m2\repository\io\netty\netty-tcnative-classes\2.0.53.Final\netty-tcnative-classes-2.0.53.Final.jar;C:\Users\ter01277\.m2\repository\io\netty\netty-tcnative-boringssl-static\2.0.53.Final\netty-tcnative-boringssl-static-2.0.53.Final-linux-aarch_64.jar;C:\Users\ter01277\.m2\repository\io\netty\netty-tcnative-boringssl-static\2.0.53.Final\netty-tcnative-boringssl-static-2.0.53.Final-osx-x86_64.jar;C:\Users\ter01277\.m2\repository\io\netty\netty-tcnative-boringssl-static\2.0.53.Final\netty-tcnative-boringssl-static-2.0.53.Final-osx-aarch_64.jar;C:\Users\ter01277\.m2\repository\io\netty\netty-tcnative-boringssl-static\2.0.53.Final\netty-tcnative-boringssl-static-2.0.53.Final-windows-x86_64.jar;C:\Users\ter01277\.m2\repository\io\netty\netty-handler-proxy\4.1.79.Final\netty-handler-proxy-4.1.79.Final.jar;C:\Users\ter01277\.m2\repository\io\netty\netty-codec-socks\4.1.79.Final\netty-codec-socks-4.1.79.Final.jar;C:\Users\ter01277\.m2\repository\com\aayushatharva\brotli4j\brotli4j\1.7.1\brotli4j-1.7.1.jar;C:\Users\ter01277\.m2\repository\com\aayushatharva\brotli4j\native-windows-x86_64\1.7.1\native-windows-x86_64-1.7.1.jar;C:\Users\ter01277\.m2\repository\org\apache\httpcomponents\httpclient\4.5.13\httpclient-4.5.13.jar;C:\Users\ter01277\.m2\repository\org\apache\httpcomponents\httpcore\4.4.13\httpcore-4.4.13.jar;C:\Users\ter01277\.m2\repository\commons-codec\commons-codec\1.11\commons-codec-1.11.jar;C:\Users\ter01277\.m2\repository\ch\qos\logback\logback-classic\1.2.9\logback-classic-1.2.9.jar;C:\Users\ter01277\.m2\repository\ch\qos\logback\logback-core\1.2.9\logback-core-1.2.9.jar;C:\Users\ter01277\.m2\repository\org\slf4j\jcl-over-slf4j\1.7.32\jcl-over-slf4j-1.7.32.jar;C:\Users\ter01277\.m2\repository\org\antlr\antlr4-runtime\4.9.3\antlr4-runtime-4.9.3.jar;C:\Users\ter01277\.m2\repository\com\jayway\jsonpath\json-path\2.7.0\json-path-2.7.0.jar;C:\Users\ter01277\.m2\repository\net\minidev\json-smart\2.4.7\json-smart-2.4.7.jar;C:\Users\ter01277\.m2\repository\net\minidev\accessors-smart\2.4.7\accessors-smart-2.4.7.jar;C:\Users\ter01277\.m2\repository\org\ow2\asm\asm\9.1\asm-9.1.jar;C:\Users\ter01277\.m2\repository\info\cukes\cucumber-java\1.2.5\cucumber-java-1.2.5.jar;C:\Users\ter01277\.m2\repository\info\cukes\cucumber-core\1.2.5\cucumber-core-1.2.5.jar;C:\Users\ter01277\.m2\repository\org\yaml\snakeyaml\1.32\snakeyaml-1.32.jar;C:\Users\ter01277\.m2\repository\de\siegmar\fastcsv\2.0.0\fastcsv-2.0.0.jar;C:\Users\ter01277\.m2\repository\info\picocli\picocli\4.6.1\picocli-4.6.1.jar;C:\Users\ter01277\.m2\repository\io\github\classgraph\classgraph\4.8.149\classgraph-4.8.149.jar;C:\Users\ter01277\.m2\repository\io\github\t12y\resemble\1.0.2\resemble-1.0.2.jar;C:\Users\ter01277\.m2\repository\io\github\t12y\ssim\1.0.0\ssim-1.0.0.jar;C:\Users\ter01277\.m2\repository\junit\junit\4.13.1\junit-4.13.1.jar;C:\Users\ter01277\.m2\repository\org\hamcrest\hamcrest-core\1.3\hamcrest-core-1.3.jar;C:\Users\ter01277\.m2\repository\org\springframework\boot\spring-boot-loader\2.6.6\spring-boot-loader-2.6.6.jar;C:\Users\ter01277\.m2\repository\org\springframework\spring-core\5.3.19\spring-core-5.3.19.jar;C:\Users\ter01277\.m2\repository\org\springframework\spring-jcl\5.3.19\spring-jcl-5.3.19.jar;"/>
    <property name="sun.cpu.endian" value="little"/>
    <property name="user.home" value="C:\Users\ter01277"/>
    <property name="user.language" value="pt"/>
    <property name="java.specification.vendor" value="Oracle Corporation"/>
    <property name="java.version.date" value="2022-08-18"/>
    <property name="java.home" value="C:\Program Files\Java\jdk-11.0.16.1"/>
    <property name="file.separator" value="\"/>
    <property name="basedir" value="C:\automação\karate-master\karate-junit4"/>
    <property name="java.vm.compressedOopsMode" value="32-bit"/>
    <property name="line.separator" value="&#10;"/>
    <property name="java.specification.name" value="Java Platform API Specification"/>
    <property name="java.vm.specification.vendor" value="Oracle Corporation"/>
    <property name="java.awt.graphicsenv" value="sun.awt.Win32GraphicsEnvironment"/>
    <property name="karate.options" value="-t @pedido_faturado"/>
    <property name="surefire.real.class.path" value="C:\Users\ter01277\AppData\Local\Temp\surefire7451164951207906248\surefirebooter17204661821470114050.jar"/>
    <property name="user.script" value=""/>
    <property name="sun.management.compiler" value="HotSpot 64-Bit Tiered Compilers"/>
    <property name="java.runtime.version" value="11.0.16.1+1-LTS-1"/>
    <property name="user.name" value="ter01277"/>
    <property name="path.separator" value=";"/>
    <property name="os.version" value="10.0"/>
    <property name="java.runtime.name" value="Java(TM) SE Runtime Environment"/>
    <property name="file.encoding" value="UTF-8"/>
    <property name="java.vm.name" value="Java HotSpot(TM) 64-Bit Server VM"/>
    <property name="java.vendor.version" value="18.9"/>
    <property name="localRepository" value="C:\Users\ter01277\.m2\repository"/>
    <property name="java.vendor.url.bug" value="https://bugreport.java.com/bugreport/"/>
    <property name="java.io.tmpdir" value="C:\Users\ter01277\AppData\Local\Temp\"/>
    <property name="java.version" value="11.0.16.1"/>
    <property name="user.dir" value="C:\automação\karate-master\karate-junit4"/>
    <property name="os.arch" value="amd64"/>
    <property name="java.vm.specification.name" value="Java Virtual Machine Specification"/>
    <property name="java.awt.printerjob" value="sun.awt.windows.WPrinterJob"/>
    <property name="sun.os.patch.level" value=""/>
    <property name="java.library.path" value="C:\Program Files\Java\jdk-11.0.16.1\bin;C:\Windows\Sun\Java\bin;C:\Windows\system32;C:\Windows;C:\Users\ter01277\bin;C:\Program Files\Git\mingw64\bin;C:\Program Files\Git\usr\local\bin;C:\Program Files\Git\usr\bin;C:\Program Files\Git\usr\bin;C:\Program Files\Git\mingw64\bin;C:\Program Files\Git\usr\bin;C:\Users\ter01277\bin;C:\Program Files\Common Files\Oracle\Java\javapath;C:\Windows\system32;C:\Windows;C:\Windows\System32\Wbem;C:\Windows\System32\WindowsPowerShell\v1.0;C:\Windows\System32\OpenSSH;C:\Program Files\Git\cmd;C:\maven\apache-maven-3.8.6\bin;C:\Program Files\Java\jdk-11.0.16.1\bin;C:\Users\ter01277\AppData\Local\Microsoft\WindowsApps;C:\Program Files\Git\usr\bin\vendor_perl;C:\Program Files\Git\usr\bin\core_perl;."/>
    <property name="java.vendor" value="Oracle Corporation"/>
    <property name="java.vm.info" value="mixed mode"/>
    <property name="java.vm.version" value="11.0.16.1+1-LTS-1"/>
    <property name="sun.io.unicode.encoding" value="UnicodeLittle"/>
    <property name="java.class.version" value="55.0"/>
  </properties>
  <testcase name="testAll" classname="com.intuit.karate.junit4.KarateJunitTest" time="43.279">
    <failure message="http call failed after 42527 milliseconds for url: https://api-rtf-dh.mdb.com.br/mdb-rf-dev-b2b-eapi/BOOrderIntegration/BOOrderIntegration&#10;classpath:com/intuit/karate/junit4/xml/pedido_faturado.feature:23 expected:&lt;0&gt; but was:&lt;1&gt;" type="java.lang.AssertionError"><![CDATA[java.lang.AssertionError: 
http call failed after 42527 milliseconds for url: https://api-rtf-dh.mdb.com.br/mdb-rf-dev-b2b-eapi/BOOrderIntegration/BOOrderIntegration
classpath:com/intuit/karate/junit4/xml/pedido_faturado.feature:23 expected:<0> but was:<1>
	at com.intuit.karate.junit4.KarateJunitTest.testAll(KarateJunitTest.java:21)
]]></failure>
    <system-out><![CDATA[19:47:02.331 [main] INFO  com.intuit.karate.Runner - using system property 'karate.options': -t @pedido_faturado
19:47:02.578 [main] DEBUG com.intuit.karate.Suite - [config] classpath:karate-base.js
19:47:02.578 [main] DEBUG com.intuit.karate.Suite - [config] classpath:karate-config.js
19:47:02.580 [main] INFO  com.intuit.karate.Suite - backed up existing 'target\karate-reports' dir to: target\karate-reports_1668552422580
19:47:02.582 [main] DEBUG com.intuit.karate.Suite - waiting for 32 features to complete
19:47:02.816 [pool-1-thread-1] INFO  com.intuit.karate - [print] #################################### 
19:47:02.817 [pool-1-thread-1] INFO  com.intuit.karate - [print] 810646485 
---------------------------------------------------------
feature: classpath:com/intuit/karate/junit4/demos/outline-dynamic-callonce.feature
scenarios:  1 | passed:  1 | failed:  0 | time: 0,0004
---------------------------------------------------------

19:47:02.915 [pool-2-thread-1] INFO  com.intuit.karate.Suite - <<pass>> feature 13 of 32 (19 remaining) classpath:com/intuit/karate/junit4/demos/outline-dynamic-callonce.feature
19:47:03.319 [pool-1-thread-1] DEBUG com.intuit.karate - request:
1 > POST https://api-rtf-dh.mdb.com.br/mdb-rf-dev-b2b-eapi/BOOrderIntegration/BOOrderIntegration
1 > Authorization: Basic MDcyMDY4MTYwMDc2MzI6dGVzdGUxMjM=
1 > SOAPAction: 
1 > Content-Type: text/xml; charset=UTF-8
1 > Content-Length: 8604
1 > Host: api-rtf-dh.mdb.com.br
1 > Connection: Keep-Alive
1 > User-Agent: Apache-HttpClient/4.5.13 (Java/11.0.16.1)
1 > Accept-Encoding: gzip,deflate
<soapenv:Envelope xmlns:soapenv="http://schemas.xmlsoap.org/soap/envelope/" xmlns:boor="http://www.accurate.com/acec/AcecBOSOAIntegration/BOOrderIntegration">
   <soapenv:Header/>
   <soapenv:Body>
      <boor:integrateOrderRequest>
         <order xmlns="http://www.accurate.com/acec/order" xmlns:ns2="http://www.accurate.com/acec/InvoiceInfo">
            <orderId>810646485</orderId>
            <totalAmount>312.81</totalAmount>
            <totalDiscountAmount>0.00</totalDiscountAmount>
            <purchaseDate>2022-10-27T13:30:54-03:00</purchaseDate>
            <sessionCreationDate>2022-10-27T13:30:54-03:00</sessionCreationDate>
            <applicationVersion>1</applicationVersion>
            <saleChannel>MDB</saleChannel>
                                    <deliveries>
               <delivery>
                  <deliveryId>1</deliveryId>
                  <orderId>810646485</orderId>
                  <totalAmount>312.81</totalAmount>
                  <totalDiscountAmount>0.00</totalDiscountAmount>
                  <orderLineList>
                                       <orderLine>
                        <sku>7896085086229C32</sku>
                        <skuType>NOR</skuType>
                        <quantity>1</quantity>
                        <catalogListPrice>104.27</catalogListPrice>
                        <listPrice>104.27</listPrice>
                        <salePrice>104.27</salePrice>
                        <unconditionalDiscountAmount>0.00</unconditionalDiscountAmount>
                        <roundingDiscountAmount>0.00</roundingDiscountAmount>
                        <promotionList>
                                                </promotionList>
                        <freight>
                           <chargedAmount>0.00</chargedAmount>
                           <actualAmount>0.00</actualAmount>
                           <commercialAmount>0.00</commercialAmount>
                           <freightTime>3</freightTime>
                           <pickupLeadTime>0</pickupLeadTime>
                           <logisticContract>NORMAL</logisticContract>
                        </freight>
                                                <service>false</service>
                        <skuName>Torrada Light Adria 142g - Caixa com 32 unida</skuName>
                        <productBrandName>Adria</productBrandName>
                     </orderLine>
                                       <orderLine>
                        <sku>7896085086205C32</sku>
                        <skuType>NOR</skuType>
                        <quantity>1</quantity>
                        <catalogListPrice>104.27</catalogListPrice>
                        <listPrice>104.27</listPrice>
                        <salePrice>104.27</salePrice>
                        <unconditionalDiscountAmount>0.00</unconditionalDiscountAmount>
                        <roundingDiscountAmount>0.00</roundingDiscountAmount>
                        <promotionList>
                                                </promotionList>
                        <freight>
                           <chargedAmount>0.00</chargedAmount>
                           <actualAmount>0.00</actualAmount>
                           <commercialAmount>0.00</commercialAmount>
                           <freightTime>3</freightTime>
                           <pickupLeadTime>0</pickupLeadTime>
                           <logisticContract>NORMAL</logisticContract>
                        </freight>
                                                <service>false</service>
                        <skuName>Torrada Tradicional Adria 142g - Caixa com 32</skuName>
                        <productBrandName>Adria</productBrandName>
                     </orderLine>
                                       <orderLine>
                        <sku>7896085086212C32</sku>
                        <skuType>NOR</skuType>
                        <quantity>1</quantity>
                        <catalogListPrice>104.27</catalogListPrice>
                        <listPrice>104.27</listPrice>
                        <salePrice>104.27</salePrice>
                        <unconditionalDiscountAmount>0.00</unconditionalDiscountAmount>
                        <roundingDiscountAmount>0.00</roundingDiscountAmount>
                        <promotionList>
                                                </promotionList>
                        <freight>
                           <chargedAmount>0.00</chargedAmount>
                           <actualAmount>0.00</actualAmount>
                           <commercialAmount>0.00</commercialAmount>
                           <freightTime>3</freightTime>
                           <pickupLeadTime>0</pickupLeadTime>
                           <logisticContract>NORMAL</logisticContract>
                        </freight>
                                                <service>false</service>
                        <skuName>Torrada Integral Adria 142g - Caixa com 32 un</skuName>
                        <productBrandName>Adria</productBrandName>
                     </orderLine>
                                    </orderLineList>
                  <freightAmount>
                     <chargedAmount>0.00</chargedAmount>
                     <actualAmount>0.00</actualAmount>
                     <commercialAmount>0.00</commercialAmount>
                     <freightTime>3</freightTime>
                     <pickupLeadTime>0</pickupLeadTime>
                     <logisticContract>NORMAL</logisticContract>
                  </freightAmount>
                  <wareHouseCNPJ>0</wareHouseCNPJ>
                  <deliveryAddress>
                     <addressId>53920</addressId>
                     <recipientNm>J.M PEREIRA JUNIOR CIA LTDA</recipientNm>
                     <address>RUA JACATIRAO</address>
                     <addressNr>350</addressNr>
                     <quarter>CAROLINA</quarter>
                     <city>DUQUE DE CAXIAS</city>
                     <state>RJ</state>
                     <countryId>BR</countryId>
                     <postalCd>25060140</postalCd>
                     <postalCdIntl>25060140</postalCdIntl>
                     <friendlyNm>J.M PEREIRA JUNIOR CIA LTDA</friendlyNm>
                     <lift>false</lift>
                     <intercom>false</intercom>
                  </deliveryAddress>
               </delivery>
            </deliveries>
            <customer>
               <customerId>29331550000175</customerId>
                              <documentNumber>29331550000175</documentNumber>
               <name>J.M PEREIRA JUNIOR CIA LTDA</name>
               <email>glicose70@gmail.com</email>
               <phoneMobile>21971632449</phoneMobile>
               <phoneOffice>21971632449</phoneOffice>
               <state_subscription>80212526</state_subscription>
               <representativeNm>J.M PEREIRA JUNIOR CIA LTDA</representativeNm>
               <createDt>2022-09-14T12:10:39-03:00</createDt>
               <updateDt>2022-09-14T12:10:39-03:00</updateDt>
            </customer>
            <billingAddress>
               <addressId>53920</addressId>
               <recipientNm>J.M PEREIRA JUNIOR CIA LTDA</recipientNm>
               <address>RUA JACATIRAO</address>
               <addressNr>350</addressNr>
               <quarter>CAROLINA</quarter>
               <city>DUQUE DE CAXIAS</city>
               <state>RJ</state>
               <countryId>BR</countryId>
               <postalCd>25060140</postalCd>
               <postalCdIntl>25060140</postalCdIntl>
               <friendlyNm>J.M PEREIRA JUNIOR CIA LTDA</friendlyNm>
               <lift>false</lift>
               <intercom>false</intercom>
            </billingAddress>
            <paymentList>
                              <payment>
                                    <abstractPayment>
                     <paymentType>CRL-28</paymentType>
                     <value>312.81</value>
                     <billType>SELLER</billType>
                  </abstractPayment>
                                 </payment>
                           </paymentList>
            <freightChargedAmount>0.00</freightChargedAmount>
            <freightActualAmount>0.00</freightActualAmount>
             <countDistinctSku>3</countDistinctSku>
         </order>
      </boor:integrateOrderRequest>
   </soapenv:Body>
</soapenv:Envelope>

19:47:45.488 [pool-1-thread-1] ERROR com.intuit.karate - org.apache.http.conn.HttpHostConnectException: Connect to api-rtf-dh.mdb.com.br:443 [api-rtf-dh.mdb.com.br/177.184.136.60, api-rtf-dh.mdb.com.br/187.28.89.60] failed: Connection timed out: connect, http call failed after 42527 milliseconds for url: https://api-rtf-dh.mdb.com.br/mdb-rf-dev-b2b-eapi/BOOrderIntegration/BOOrderIntegration
19:47:45.489 [pool-1-thread-1] ERROR com.intuit.karate - classpath:com/intuit/karate/junit4/xml/pedido_faturado.feature:23
When soap action ''
http call failed after 42527 milliseconds for url: https://api-rtf-dh.mdb.com.br/mdb-rf-dev-b2b-eapi/BOOrderIntegration/BOOrderIntegration
classpath:com/intuit/karate/junit4/xml/pedido_faturado.feature:23
---------------------------------------------------------
feature: classpath:com/intuit/karate/junit4/xml/pedido_faturado.feature
scenarios:  1 | passed:  0 | failed:  1 | time: 42,6922
---------------------------------------------------------

19:47:45.557 [pool-2-thread-1] INFO  com.intuit.karate.Suite - <<fail>> feature 32 of 32 (0 remaining) classpath:com/intuit/karate/junit4/xml/pedido_faturado.feature
Karate version: 1.3.0
======================================================
elapsed:  43,23 | threads:    5 | thread time: 42,69 
features:     2 | skipped:   30 | efficiency: 0,20
scenarios:    2 | passed:     1 | failed: 1
======================================================
>>> failed features:
http call failed after 42527 milliseconds for url: https://api-rtf-dh.mdb.com.br/mdb-rf-dev-b2b-eapi/BOOrderIntegration/BOOrderIntegration
classpath:com/intuit/karate/junit4/xml/pedido_faturado.feature:23
<<<

HTML report: (paste into browser to view) | Karate version: 1.3.0
file:///C:/automação/karate-master/karate-junit4/target/karate-reports/karate-summary.html
===================================================================

]]></system-out>
  </testcase>
  <testcase name="testCustomTags" classname="com.intuit.karate.junit4.KarateJunitTest" time="0.19"/>
</testsuite>